#
# There is insufficient memory for the Java Runtime Environment to continue.
# Native memory allocation (mmap) failed to map 105381888 bytes for committing reserved memory.
# Possible reasons:
#   The system is out of physical RAM or swap space
#   In 32 bit mode, the process size limit was hit
# Possible solutions:
#   Reduce memory load on the system
#   Increase physical memory or swap space
#   Check if swap backing store is full
#   Use 64 bit Java on a 64 bit OS
#   Decrease Java heap size (-Xmx/-Xms)
#   Decrease number of Java threads
#   Decrease Java thread stack sizes (-Xss)
#   Set larger code cache with -XX:ReservedCodeCacheSize=
# This output file may be truncated or incomplete.
#
#  Out of Memory Error (os_linux.cpp:2630), pid=7496, tid=0x00007fcb2e46d700
#
# JRE version: OpenJDK Runtime Environment (8.0_111-b14) (build 1.8.0_111-8u111-b14-2ubuntu0.16.04.2-b14)
# Java VM: OpenJDK 64-Bit Server VM (25.111-b14 mixed mode linux-amd64 compressed oops)
# Failed to write core dump. Core dumps have been disabled. To enable core dumping, try "ulimit -c unlimited" before starting Java again
#

---------------  T H R E A D  ---------------

Current thread (0x00007fcb28027800):  GCTaskThread [stack: 0x00007fcb2e36d000,0x00007fcb2e46e000] [id=7505]

Stack: [0x00007fcb2e36d000,0x00007fcb2e46e000],  sp=0x00007fcb2e46c990,  free space=1022k
Native frames: (J=compiled Java code, j=interpreted, Vv=VM code, C=native code)
V  [libjvm.so+0xa64d2b]
V  [libjvm.so+0x4c2dac]
V  [libjvm.so+0x8b3ba0]
V  [libjvm.so+0x8ae01e]
V  [libjvm.so+0x9288f6]
V  [libjvm.so+0x917f5a]
V  [libjvm.so+0x918163]
V  [libjvm.so+0x9184fd]
V  [libjvm.so+0x9239ac]
V  [libjvm.so+0x927492]
V  [libjvm.so+0x5a4352]
V  [libjvm.so+0x8b1082]


---------------  P R O C E S S  ---------------

Java Threads: ( => current thread )
  0x00007fcad01a1800 JavaThread "SpillThread" daemon [_thread_blocked, id=7569, stack(0x00007fcb08efa000,0x00007fcb08ffb000)]
  0x00007fcad002d000 JavaThread "communication thread" daemon [_thread_blocked, id=7568, stack(0x00007fcb08ffb000,0x00007fcb090fc000)]
  0x00007fcacc020800 JavaThread "LocalJobRunner Map Task Executor #0" [_thread_blocked, id=7556, stack(0x00007fcb092fc000,0x00007fcb093fd000)]
  0x00007fcb28840800 JavaThread "Thread-18" [_thread_blocked, id=7553, stack(0x00007fcb09841000,0x00007fcb09942000)]
  0x00007fcb2873c800 JavaThread "org.apache.hadoop.fs.FileSystem$Statistics$StatisticsDataReferenceCleaner" daemon [_thread_blocked, id=7520, stack(0x00007fcb0a46e000,0x00007fcb0a56f000)]
  0x00007fcb286bb800 JavaThread "process reaper" daemon [_thread_blocked, id=7518, stack(0x00007fcb0a56f000,0x00007fcb0a5a8000)]
  0x00007fcb280d6800 JavaThread "Service Thread" daemon [_thread_blocked, id=7515, stack(0x00007fcb0a913000,0x00007fcb0aa14000)]
  0x00007fcb280b7000 JavaThread "C1 CompilerThread2" daemon [_thread_blocked, id=7514, stack(0x00007fcb0aa14000,0x00007fcb0ab15000)]
  0x00007fcb280b5000 JavaThread "C2 CompilerThread1" daemon [_thread_blocked, id=7513, stack(0x00007fcb0ab15000,0x00007fcb0ac16000)]
  0x00007fcb280b2000 JavaThread "C2 CompilerThread0" daemon [_thread_blocked, id=7511, stack(0x00007fcb0ac16000,0x00007fcb0ad17000)]
  0x00007fcb280b0000 JavaThread "Signal Dispatcher" daemon [_thread_blocked, id=7510, stack(0x00007fcb0ad17000,0x00007fcb0ae18000)]
  0x00007fcb28088800 JavaThread "Finalizer" daemon [_thread_blocked, id=7509, stack(0x00007fcb0b0f1000,0x00007fcb0b1f2000)]
  0x00007fcb28084000 JavaThread "Reference Handler" daemon [_thread_blocked, id=7508, stack(0x00007fcb0b1f2000,0x00007fcb0b2f3000)]
  0x00007fcb2800d000 JavaThread "main" [_thread_blocked, id=7499, stack(0x00007fcb323eb000,0x00007fcb324ec000)]

Other Threads:
  0x00007fcb2807c800 VMThread [stack: 0x00007fcb0b2f3000,0x00007fcb0b3f4000] [id=7507]
  0x00007fcb280d8800 WatcherThread [stack: 0x00007fcb0a812000,0x00007fcb0a913000] [id=7516]

=>0x00007fcb28027800 (exited) GCTaskThread [stack: 0x00007fcb2e36d000,0x00007fcb2e46e000] [id=7505]

VM state:at safepoint (normal execution)

VM Mutex/Monitor currently owned by a thread:  ([mutex/lock_event])
[0x00007fcb28008e40] ExpandHeap_lock - owner thread: 0x00007fcb28027800
[0x00007fcb280094c0] Threads_lock - owner thread: 0x00007fcb2807c800
[0x00007fcb280099c0] Heap_lock - owner thread: 0x00007fcacc020800

Heap:
 PSYoungGen      total 329728K, used 324800K [0x00000000eb700000, 0x00000000fff00000, 0x0000000100000000)
  eden space 324608K, 100% used [0x00000000eb700000,0x00000000ff400000,0x00000000ff400000)
  from space 5120K, 3% used [0x00000000ffa00000,0x00000000ffa30000,0x00000000fff00000)
  to   space 5632K, 1% used [0x00000000ff400000,0x00000000ff410000,0x00000000ff980000)
 ParOldGen       total 222208K, used 208907K [0x00000000c2400000, 0x00000000cfd00000, 0x00000000eb700000)
  object space 222208K, 94% used [0x00000000c2400000,0x00000000cf002e38,0x00000000cfd00000)
 Metaspace       used 14586K, capacity 14844K, committed 15104K, reserved 1062912K
  class space    used 1646K, capacity 1742K, committed 1792K, reserved 1048576K

Card table byte_map: [0x00007fcb2e8bb000,0x00007fcb2eaaa000] byte_map_base: 0x00007fcb2e2a9000

Marking Bits: (ParMarkBitMap*) 0x00007fcb316b9220
 Begin Bits: [0x00007fcb2c38c000, 0x00007fcb2d2fc000)
 End Bits:   [0x00007fcb2d2fc000, 0x00007fcb2e26c000)

Polling page: 0x00007fcb3250b000

CodeCache: size=245760Kb used=6789Kb max_used=6796Kb free=238970Kb
 bounds [0x00007fcb19000000, 0x00007fcb196b0000, 0x00007fcb28000000]
 total_blobs=2276 nmethods=1873 adapters=318
 compilation: enabled

Compilation events (10 events):
Event: 10.347 Thread 0x00007fcb280b5000 1880  s    4       org.apache.hadoop.mapred.MapTask$TrackedRecordReader::moveToNext (65 bytes)
Event: 10.419 Thread 0x00007fcb280b5000 nmethod 1880 0x00007fcb196a89d0 code [0x00007fcb196a8c80, 0x00007fcb196aa3a8]
Event: 11.113 Thread 0x00007fcb280b2000 1881       4       org.apache.hadoop.fs.FSDataInputStream::getPos (13 bytes)
Event: 11.117 Thread 0x00007fcb280b2000 nmethod 1881 0x00007fcb196a6cd0 code [0x00007fcb196a6e40, 0x00007fcb196a6fb8]
Event: 11.239 Thread 0x00007fcb280b7000 1882       3       java.util.regex.Pattern$GroupTail::match (111 bytes)
Event: 11.239 Thread 0x00007fcb280b7000 nmethod 1882 0x00007fcb196a8190 code [0x00007fcb196a8320, 0x00007fcb196a86e8]
Event: 11.886 Thread 0x00007fcb280b7000 1883       3       java.lang.Throwable::<init> (34 bytes)
Event: 11.887 Thread 0x00007fcb280b7000 nmethod 1883 0x00007fcb1969c7d0 code [0x00007fcb1969c940, 0x00007fcb1969cc28]
Event: 12.241 Thread 0x00007fcb280b7000 1884       3       java.util.regex.Pattern$BitClass::isSatisfiedBy (22 bytes)
Event: 12.242 Thread 0x00007fcb280b7000 nmethod 1884 0x00007fcb196a7d10 code [0x00007fcb196a7e80, 0x00007fcb196a8090]

GC Heap History (10 events):
Event: 2.576 GC heap after
Heap after GC invocations=11 (full 0):
 PSYoungGen      total 209408K, used 128K [0x00000000eb700000, 0x0000000100000000, 0x0000000100000000)
  eden space 203264K, 0% used [0x00000000eb700000,0x00000000eb700000,0x00000000f7d80000)
  from space 6144K, 2% used [0x00000000f7d80000,0x00000000f7da0000,0x00000000f8380000)
  to   space 6144K, 0% used [0x00000000ffa00000,0x00000000ffa00000,0x0000000100000000)
 ParOldGen       total 145408K, used 110678K [0x00000000c2400000, 0x00000000cb200000, 0x00000000eb700000)
  object space 145408K, 76% used [0x00000000c2400000,0x00000000c9015920,0x00000000cb200000)
 Metaspace       used 14374K, capacity 14620K, committed 14848K, reserved 1062912K
  class space    used 1627K, capacity 1710K, committed 1792K, reserved 1048576K
}
Event: 3.112 GC heap before
{Heap before GC invocations=12 (full 0):
 PSYoungGen      total 209408K, used 203392K [0x00000000eb700000, 0x0000000100000000, 0x0000000100000000)
  eden space 203264K, 100% used [0x00000000eb700000,0x00000000f7d80000,0x00000000f7d80000)
  from space 6144K, 2% used [0x00000000f7d80000,0x00000000f7da0000,0x00000000f8380000)
  to   space 6144K, 0% used [0x00000000ffa00000,0x00000000ffa00000,0x0000000100000000)
 ParOldGen       total 145408K, used 110678K [0x00000000c2400000, 0x00000000cb200000, 0x00000000eb700000)
  object space 145408K, 76% used [0x00000000c2400000,0x00000000c9015920,0x00000000cb200000)
 Metaspace       used 14586K, capacity 14844K, committed 15104K, reserved 1062912K
  class space    used 1646K, capacity 1742K, committed 1792K, reserved 1048576K
Event: 5.985 GC heap after
Heap after GC invocations=12 (full 0):
 PSYoungGen      total 330752K, used 251K [0x00000000eb700000, 0x0000000100000000, 0x0000000100000000)
  eden space 324608K, 0% used [0x00000000eb700000,0x00000000eb700000,0x00000000ff400000)
  from space 6144K, 4% used [0x00000000ffa00000,0x00000000ffa3ee58,0x0000000100000000)
  to   space 6144K, 0% used [0x00000000ff400000,0x00000000ff400000,0x00000000ffa00000)
 ParOldGen       total 351232K, used 315502K [0x00000000c2400000, 0x00000000d7b00000, 0x00000000eb700000)
  object space 351232K, 89% used [0x00000000c2400000,0x00000000d581b940,0x00000000d7b00000)
 Metaspace       used 14586K, capacity 14844K, committed 15104K, reserved 1062912K
  class space    used 1646K, capacity 1742K, committed 1792K, reserved 1048576K
}
Event: 5.985 GC heap before
{Heap before GC invocations=13 (full 1):
 PSYoungGen      total 330752K, used 251K [0x00000000eb700000, 0x0000000100000000, 0x0000000100000000)
  eden space 324608K, 0% used [0x00000000eb700000,0x00000000eb700000,0x00000000ff400000)
  from space 6144K, 4% used [0x00000000ffa00000,0x00000000ffa3ee58,0x0000000100000000)
  to   space 6144K, 0% used [0x00000000ff400000,0x00000000ff400000,0x00000000ffa00000)
 ParOldGen       total 351232K, used 315502K [0x00000000c2400000, 0x00000000d7b00000, 0x00000000eb700000)
  object space 351232K, 89% used [0x00000000c2400000,0x00000000d581b940,0x00000000d7b00000)
 Metaspace       used 14586K, capacity 14844K, committed 15104K, reserved 1062912K
  class space    used 1646K, capacity 1742K, committed 1792K, reserved 1048576K
Event: 6.233 GC heap after
Heap after GC invocations=13 (full 1):
 PSYoungGen      total 330752K, used 0K [0x00000000eb700000, 0x0000000100000000, 0x0000000100000000)
  eden space 324608K, 0% used [0x00000000eb700000,0x00000000eb700000,0x00000000ff400000)
  from space 6144K, 0% used [0x00000000ffa00000,0x00000000ffa00000,0x0000000100000000)
  to   space 6144K, 0% used [0x00000000ff400000,0x00000000ff400000,0x00000000ffa00000)
 ParOldGen       total 222208K, used 106447K [0x00000000c2400000, 0x00000000cfd00000, 0x00000000eb700000)
  object space 222208K, 47% used [0x00000000c2400000,0x00000000c8bf3e18,0x00000000cfd00000)
 Metaspace       used 14586K, capacity 14844K, committed 15104K, reserved 1062912K
  class space    used 1646K, capacity 1742K, committed 1792K, reserved 1048576K
}
Event: 7.978 GC heap before
{Heap before GC invocations=14 (full 1):
 PSYoungGen      total 330752K, used 324608K [0x00000000eb700000, 0x0000000100000000, 0x0000000100000000)
  eden space 324608K, 100% used [0x00000000eb700000,0x00000000ff400000,0x00000000ff400000)
  from space 6144K, 0% used [0x00000000ffa00000,0x00000000ffa00000,0x0000000100000000)
  to   space 6144K, 0% used [0x00000000ff400000,0x00000000ff400000,0x00000000ffa00000)
 ParOldGen       total 222208K, used 106447K [0x00000000c2400000, 0x00000000cfd00000, 0x00000000eb700000)
  object space 222208K, 47% used [0x00000000c2400000,0x00000000c8bf3e18,0x00000000cfd00000)
 Metaspace       used 14586K, capacity 14844K, committed 15104K, reserved 1062912K
  class space    used 1646K, capacity 1742K, committed 1792K, reserved 1048576K
Event: 7.991 GC heap after
Heap after GC invocations=14 (full 1):
 PSYoungGen      total 330752K, used 160K [0x00000000eb700000, 0x0000000100000000, 0x0000000100000000)
  eden space 324608K, 0% used [0x00000000eb700000,0x00000000eb700000,0x00000000ff400000)
  from space 6144K, 2% used [0x00000000ff400000,0x00000000ff428000,0x00000000ffa00000)
  to   space 6144K, 0% used [0x00000000ffa00000,0x00000000ffa00000,0x0000000100000000)
 ParOldGen       total 222208K, used 106447K [0x00000000c2400000, 0x00000000cfd00000, 0x00000000eb700000)
  object space 222208K, 47% used [0x00000000c2400000,0x00000000c8bf3e18,0x00000000cfd00000)
 Metaspace       used 14586K, capacity 14844K, committed 15104K, reserved 1062912K
  class space    used 1646K, capacity 1742K, committed 1792K, reserved 1048576K
}
Event: 10.218 GC heap before
{Heap before GC invocations=15 (full 1):
 PSYoungGen      total 330752K, used 250615K [0x00000000eb700000, 0x0000000100000000, 0x0000000100000000)
  eden space 324608K, 77% used [0x00000000eb700000,0x00000000fab95f30,0x00000000ff400000)
  from space 6144K, 2% used [0x00000000ff400000,0x00000000ff428000,0x00000000ffa00000)
  to   space 6144K, 0% used [0x00000000ffa00000,0x00000000ffa00000,0x0000000100000000)
 ParOldGen       total 222208K, used 106447K [0x00000000c2400000, 0x00000000cfd00000, 0x00000000eb700000)
  object space 222208K, 47% used [0x00000000c2400000,0x00000000c8bf3e18,0x00000000cfd00000)
 Metaspace       used 14586K, capacity 14844K, committed 15104K, reserved 1062912K
  class space    used 1646K, capacity 1742K, committed 1792K, reserved 1048576K
Event: 10.238 GC heap after
Heap after GC invocations=15 (full 1):
 PSYoungGen      total 329728K, used 192K [0x00000000eb700000, 0x00000000fff00000, 0x0000000100000000)
  eden space 324608K, 0% used [0x00000000eb700000,0x00000000eb700000,0x00000000ff400000)
  from space 5120K, 3% used [0x00000000ffa00000,0x00000000ffa30000,0x00000000fff00000)
  to   space 5632K, 0% used [0x00000000ff400000,0x00000000ff400000,0x00000000ff980000)
 ParOldGen       total 222208K, used 106471K [0x00000000c2400000, 0x00000000cfd00000, 0x00000000eb700000)
  object space 222208K, 47% used [0x00000000c2400000,0x00000000c8bf9e18,0x00000000cfd00000)
 Metaspace       used 14586K, capacity 14844K, committed 15104K, reserved 1062912K
  class space    used 1646K, capacity 1742K, committed 1792K, reserved 1048576K
}
Event: 12.314 GC heap before
{Heap before GC invocations=16 (full 1):
 PSYoungGen      total 329728K, used 324800K [0x00000000eb700000, 0x00000000fff00000, 0x0000000100000000)
  eden space 324608K, 100% used [0x00000000eb700000,0x00000000ff400000,0x00000000ff400000)
  from space 5120K, 3% used [0x00000000ffa00000,0x00000000ffa30000,0x00000000fff00000)
  to   space 5632K, 0% used [0x00000000ff400000,0x00000000ff400000,0x00000000ff980000)
 ParOldGen       total 222208K, used 106471K [0x00000000c2400000, 0x00000000cfd00000, 0x00000000eb700000)
  object space 222208K, 47% used [0x00000000c2400000,0x00000000c8bf9e18,0x00000000cfd00000)
 Metaspace       used 14586K, capacity 14844K, committed 15104K, reserved 1062912K
  class space    used 1646K, capacity 1742K, committed 1792K, reserved 1048576K

Deoptimization events (10 events):
Event: 2.862 Thread 0x00007fcacc020800 Uncommon trap: reason=class_check action=maybe_recompile pc=0x00007fcb19573308 method=org.apache.hadoop.fs.FileSystem$Statistics.visitAll(Lorg/apache/hadoop/fs/FileSystem$Statistics$StatisticsAggregator;)Ljava/lang/Object; @ 5
Event: 2.862 Thread 0x00007fcacc020800 Uncommon trap: reason=class_check action=maybe_recompile pc=0x00007fcb19573308 method=org.apache.hadoop.fs.FileSystem$Statistics.visitAll(Lorg/apache/hadoop/fs/FileSystem$Statistics$StatisticsAggregator;)Ljava/lang/Object; @ 5
Event: 2.863 Thread 0x00007fcacc020800 Uncommon trap: reason=class_check action=maybe_recompile pc=0x00007fcb19573308 method=org.apache.hadoop.fs.FileSystem$Statistics.visitAll(Lorg/apache/hadoop/fs/FileSystem$Statistics$StatisticsAggregator;)Ljava/lang/Object; @ 5
Event: 2.863 Thread 0x00007fcacc020800 Uncommon trap: reason=class_check action=maybe_recompile pc=0x00007fcb19573308 method=org.apache.hadoop.fs.FileSystem$Statistics.visitAll(Lorg/apache/hadoop/fs/FileSystem$Statistics$StatisticsAggregator;)Ljava/lang/Object; @ 5
Event: 2.863 Thread 0x00007fcacc020800 Uncommon trap: reason=unstable_if action=reinterpret pc=0x00007fcb1954b534 method=java.util.HashMap$HashIterator.<init>(Ljava/util/HashMap;)V @ 38
Event: 2.865 Thread 0x00007fcacc020800 Uncommon trap: reason=class_check action=maybe_recompile pc=0x00007fcb1959daf8 method=org.apache.hadoop.io.WritableUtils.writeVLong(Ljava/io/DataOutput;J)V @ 20
Event: 2.939 Thread 0x00007fcacc020800 Uncommon trap: reason=unstable_if action=reinterpret pc=0x00007fcb195b21e8 method=org.apache.hadoop.io.Text.setCapacity(IZ)V @ 13
Event: 2.940 Thread 0x00007fcacc020800 Uncommon trap: reason=unstable_if action=reinterpret pc=0x00007fcb1955e8f4 method=org.apache.hadoop.io.Text.setCapacity(IZ)V @ 13
Event: 9.805 Thread 0x00007fcacc020800 Uncommon trap: reason=unstable_if action=reinterpret pc=0x00007fcb19655058 method=org.apache.hadoop.mapred.LineRecordReader.next(Lorg/apache/hadoop/io/LongWritable;Lorg/apache/hadoop/io/Text;)Z @ 9
Event: 10.217 Thread 0x00007fcacc020800 Uncommon trap: reason=unstable_if action=reinterpret pc=0x00007fcb1965ef28 method=org.apache.hadoop.fs.ChecksumFileSystem$ChecksumFSInputChecker.readChunk(J[BII[B)I @ 244

Internal exceptions (10 events):
Event: 0.250 Thread 0x00007fcb2800d000 Exception <a 'java/lang/ArrayIndexOutOfBoundsException': 160> (0x00000000ebc576d8) thrown at [/build/openjdk-8-8jAw7G/openjdk-8-8u111-b14/src/hotspot/src/share/vm/interpreter/interpreterRuntime.cpp, line 366]
Event: 0.253 Thread 0x00007fcb2800d000 Exception <a 'java/lang/ClassNotFoundException': org/apache/log4j/LayoutCustomizer> (0x00000000ebc6b0d0) thrown at [/build/openjdk-8-8jAw7G/openjdk-8-8u111-b14/src/hotspot/src/share/vm/classfile/systemDictionary.cpp, line 210]
Event: 0.255 Thread 0x00007fcb2800d000 Exception <a 'java/lang/ClassNotFoundException': org/apache/log4j/PatternLayoutCustomizer> (0x00000000ebc910d8) thrown at [/build/openjdk-8-8jAw7G/openjdk-8-8u111-b14/src/hotspot/src/share/vm/classfile/systemDictionary.cpp, line 210]
Event: 0.667 Thread 0x00007fcb2800d000 Exception <a 'java/lang/NoSuchFieldError': method resolution failed> (0x00000000ec58ed68) thrown at [/build/openjdk-8-8jAw7G/openjdk-8-8u111-b14/src/hotspot/src/share/vm/prims/methodHandles.cpp, line 1146]
Event: 0.668 Thread 0x00007fcb2800d000 Exception <a 'java/lang/NoSuchFieldError': method resolution failed> (0x00000000ec59c428) thrown at [/build/openjdk-8-8jAw7G/openjdk-8-8u111-b14/src/hotspot/src/share/vm/prims/methodHandles.cpp, line 1146]
Event: 0.832 Thread 0x00007fcb2800d000 Exception <a 'java/io/FileNotFoundException'> (0x00000000ebf41e58) thrown at [/build/openjdk-8-8jAw7G/openjdk-8-8u111-b14/src/hotspot/src/share/vm/prims/jni.cpp, line 709]
Event: 0.832 Thread 0x00007fcb2800d000 Exception <a 'java/security/PrivilegedActionException'> (0x00000000ebf422c0) thrown at [/build/openjdk-8-8jAw7G/openjdk-8-8u111-b14/src/hotspot/src/share/vm/prims/jvm.cpp, line 1386]
Event: 0.833 Thread 0x00007fcb2800d000 Exception <a 'java/lang/reflect/InvocationTargetException'> (0x00000000ebf44380) thrown at [/build/openjdk-8-8jAw7G/openjdk-8-8u111-b14/src/hotspot/src/share/vm/runtime/reflection.cpp, line 1092]
Event: 1.527 Thread 0x00007fcb28840800 Implicit null exception at 0x00007fcb1939e9f5 to 0x00007fcb1939ed91
Event: 2.863 Thread 0x00007fcacc020800 Implicit null exception at 0x00007fcb1954b2c2 to 0x00007fcb1954b51d

Events (10 events):
Event: 10.238 Executing VM operation: RevokeBias
Event: 10.249 Executing VM operation: RevokeBias done
Event: 10.250 Executing VM operation: RevokeBias
Event: 10.251 Executing VM operation: RevokeBias done
Event: 10.251 Executing VM operation: RevokeBias
Event: 10.251 Executing VM operation: RevokeBias done
Event: 10.251 Executing VM operation: RevokeBias
Event: 10.252 Executing VM operation: RevokeBias done
Event: 10.253 Thread 0x00007fcad01a1800 Thread added: 0x00007fcad01a1800
Event: 12.314 Executing VM operation: ParallelGCFailedAllocation


Dynamic libraries:
00400000-00401000 r-xp 00000000 08:01 1186823                            /usr/lib/jvm/java-8-openjdk-amd64/jre/bin/java
00600000-00601000 r--p 00000000 08:01 1186823                            /usr/lib/jvm/java-8-openjdk-amd64/jre/bin/java
00601000-00602000 rw-p 00001000 08:01 1186823                            /usr/lib/jvm/java-8-openjdk-amd64/jre/bin/java
021ac000-021cd000 rw-p 00000000 00:00 0                                  [heap]
c2400000-cfd00000 rw-p 00000000 00:00 0 
d6180000-eb700000 ---p 00000000 00:00 0 
eb700000-fff00000 rw-p 00000000 00:00 0 
fff00000-100000000 ---p 00000000 00:00 0 
100000000-1001c0000 rw-p 00000000 00:00 0 
1001c0000-140000000 ---p 00000000 00:00 0 
7fcac4000000-7fcac4021000 rw-p 00000000 00:00 0 
7fcac4021000-7fcac8000000 ---p 00000000 00:00 0 
7fcac8000000-7fcac8021000 rw-p 00000000 00:00 0 
7fcac8021000-7fcacc000000 ---p 00000000 00:00 0 
7fcacc000000-7fcacc022000 rw-p 00000000 00:00 0 
7fcacc022000-7fcad0000000 ---p 00000000 00:00 0 
7fcad0000000-7fcad01d0000 rw-p 00000000 00:00 0 
7fcad01d0000-7fcad4000000 ---p 00000000 00:00 0 
7fcad4000000-7fcad4021000 rw-p 00000000 00:00 0 
7fcad4021000-7fcad8000000 ---p 00000000 00:00 0 
7fcad8000000-7fcad8021000 rw-p 00000000 00:00 0 
7fcad8021000-7fcadc000000 ---p 00000000 00:00 0 
7fcadc000000-7fcadc021000 rw-p 00000000 00:00 0 
7fcadc021000-7fcae0000000 ---p 00000000 00:00 0 
7fcae0000000-7fcae0021000 rw-p 00000000 00:00 0 
7fcae0021000-7fcae4000000 ---p 00000000 00:00 0 
7fcae4000000-7fcae49dc000 rw-p 00000000 00:00 0 
7fcae49dc000-7fcae8000000 ---p 00000000 00:00 0 
7fcae8000000-7fcae848a000 rw-p 00000000 00:00 0 
7fcae848a000-7fcaec000000 ---p 00000000 00:00 0 
7fcaec000000-7fcaec021000 rw-p 00000000 00:00 0 
7fcaec021000-7fcaf0000000 ---p 00000000 00:00 0 
7fcaf0000000-7fcaf0abb000 rw-p 00000000 00:00 0 
7fcaf0abb000-7fcaf4000000 ---p 00000000 00:00 0 
7fcaf4000000-7fcaf4021000 rw-p 00000000 00:00 0 
7fcaf4021000-7fcaf8000000 ---p 00000000 00:00 0 
7fcaf8000000-7fcaf8021000 rw-p 00000000 00:00 0 
7fcaf8021000-7fcafc000000 ---p 00000000 00:00 0 
7fcafc000000-7fcafc021000 rw-p 00000000 00:00 0 
7fcafc021000-7fcb00000000 ---p 00000000 00:00 0 
7fcb00000000-7fcb00021000 rw-p 00000000 00:00 0 
7fcb00021000-7fcb04000000 ---p 00000000 00:00 0 
7fcb04000000-7fcb04021000 rw-p 00000000 00:00 0 
7fcb04021000-7fcb08000000 ---p 00000000 00:00 0 
7fcb08ce7000-7fcb08cf8000 r-xp 00000000 08:01 1186719                    /usr/lib/jvm/java-8-openjdk-amd64/jre/lib/amd64/libnio.so
7fcb08cf8000-7fcb08ef8000 ---p 00011000 08:01 1186719                    /usr/lib/jvm/java-8-openjdk-amd64/jre/lib/amd64/libnio.so
7fcb08ef8000-7fcb08ef9000 r--p 00011000 08:01 1186719                    /usr/lib/jvm/java-8-openjdk-amd64/jre/lib/amd64/libnio.so
7fcb08ef9000-7fcb08efa000 rw-p 00012000 08:01 1186719                    /usr/lib/jvm/java-8-openjdk-amd64/jre/lib/amd64/libnio.so
7fcb08efa000-7fcb08efd000 ---p 00000000 00:00 0 
7fcb08efd000-7fcb08ffb000 rw-p 00000000 00:00 0 
7fcb08ffb000-7fcb08ffe000 ---p 00000000 00:00 0 
7fcb08ffe000-7fcb091fc000 rw-p 00000000 00:00 0 
7fcb091fc000-7fcb092fc000 ---p 00000000 00:00 0 
7fcb092fc000-7fcb092ff000 ---p 00000000 00:00 0 
7fcb092ff000-7fcb093fd000 rw-p 00000000 00:00 0 
7fcb093fd000-7fcb09402000 r--s 002f9000 08:01 1186783                    /usr/lib/jvm/java-8-openjdk-amd64/jre/lib/charsets.jar
7fcb09402000-7fcb09415000 r--s 00346000 08:01 1186768                    /usr/lib/jvm/java-8-openjdk-amd64/jre/lib/resources.jar
7fcb09415000-7fcb09615000 rw-p 00000000 00:00 0 
7fcb09615000-7fcb0963d000 r-xp 00000000 08:01 1186742                    /usr/lib/jvm/java-8-openjdk-amd64/jre/lib/amd64/libsunec.so
7fcb0963d000-7fcb0983c000 ---p 00028000 08:01 1186742                    /usr/lib/jvm/java-8-openjdk-amd64/jre/lib/amd64/libsunec.so
7fcb0983c000-7fcb09840000 r--p 00027000 08:01 1186742                    /usr/lib/jvm/java-8-openjdk-amd64/jre/lib/amd64/libsunec.so
7fcb09840000-7fcb09841000 rw-p 0002b000 08:01 1186742                    /usr/lib/jvm/java-8-openjdk-amd64/jre/lib/amd64/libsunec.so
7fcb09841000-7fcb09844000 ---p 00000000 00:00 0 
7fcb09844000-7fcb09942000 rw-p 00000000 00:00 0 
7fcb09942000-7fcb09945000 r--s 00015000 08:01 1186787                    /usr/lib/jvm/java-8-openjdk-amd64/jre/lib/jce.jar
7fcb09945000-7fcb09949000 r--s 00097000 08:01 1186792                    /usr/lib/jvm/java-8-openjdk-amd64/jre/lib/jsse.jar
7fcb09949000-7fcb09c4a000 rw-p 00000000 00:00 0 
7fcb09c4a000-7fcb09c61000 r-xp 00000000 08:01 1186745                    /usr/lib/jvm/java-8-openjdk-amd64/jre/lib/amd64/libnet.so
7fcb09c61000-7fcb09e60000 ---p 00017000 08:01 1186745                    /usr/lib/jvm/java-8-openjdk-amd64/jre/lib/amd64/libnet.so
7fcb09e60000-7fcb09e61000 r--p 00016000 08:01 1186745                    /usr/lib/jvm/java-8-openjdk-amd64/jre/lib/amd64/libnet.so
7fcb09e61000-7fcb09e62000 rw-p 00017000 08:01 1186745                    /usr/lib/jvm/java-8-openjdk-amd64/jre/lib/amd64/libnet.so
7fcb09e62000-7fcb09e63000 r-xp 00000000 08:01 1186733                    /usr/lib/jvm/java-8-openjdk-amd64/jre/lib/amd64/libjaas_unix.so
7fcb09e63000-7fcb0a062000 ---p 00001000 08:01 1186733                    /usr/lib/jvm/java-8-openjdk-amd64/jre/lib/amd64/libjaas_unix.so
7fcb0a062000-7fcb0a063000 r--p 00000000 08:01 1186733                    /usr/lib/jvm/java-8-openjdk-amd64/jre/lib/amd64/libjaas_unix.so
7fcb0a063000-7fcb0a064000 rw-p 00001000 08:01 1186733                    /usr/lib/jvm/java-8-openjdk-amd64/jre/lib/amd64/libjaas_unix.so
7fcb0a064000-7fcb0a264000 rw-p 00000000 00:00 0 
7fcb0a264000-7fcb0a26d000 r-xp 00000000 08:01 1186748                    /usr/lib/jvm/java-8-openjdk-amd64/jre/lib/amd64/libmanagement.so
7fcb0a26d000-7fcb0a46c000 ---p 00009000 08:01 1186748                    /usr/lib/jvm/java-8-openjdk-amd64/jre/lib/amd64/libmanagement.so
7fcb0a46c000-7fcb0a46d000 r--p 00008000 08:01 1186748                    /usr/lib/jvm/java-8-openjdk-amd64/jre/lib/amd64/libmanagement.so
7fcb0a46d000-7fcb0a46e000 rw-p 00009000 08:01 1186748                    /usr/lib/jvm/java-8-openjdk-amd64/jre/lib/amd64/libmanagement.so
7fcb0a46e000-7fcb0a471000 ---p 00000000 00:00 0 
7fcb0a471000-7fcb0a56f000 rw-p 00000000 00:00 0 
7fcb0a56f000-7fcb0a572000 ---p 00000000 00:00 0 
7fcb0a572000-7fcb0a5a8000 rw-p 00000000 00:00 0 
7fcb0a5a8000-7fcb0a5aa000 r--s 0000d000 08:01 1579437                    /home/slave/NetBeansProjects/AvgTemperature/lib/hadoop-yarn-server-web-proxy-2.7.3.jar
7fcb0a5aa000-7fcb0a5ac000 r--s 0000e000 08:01 1579436                    /home/slave/NetBeansProjects/AvgTemperature/lib/hadoop-yarn-server-tests-2.7.3.jar
7fcb0a5ac000-7fcb0a5ae000 r--s 00011000 08:01 1579435                    /home/slave/NetBeansProjects/AvgTemperature/lib/hadoop-yarn-server-sharedcachemanager-2.7.3.jar
7fcb0a5ae000-7fcb0a5c4000 r--s 00122000 08:01 1579434                    /home/slave/NetBeansProjects/AvgTemperature/lib/hadoop-yarn-server-resourcemanager-2.7.3.jar
7fcb0a5c4000-7fcb0a5d2000 r--s 000a1000 08:01 1579429                    /home/slave/NetBeansProjects/AvgTemperature/lib/hadoop-yarn-server-nodemanager-2.7.3.jar
7fcb0a5d2000-7fcb0a5da000 r--s 00057000 08:01 1579424                    /home/slave/NetBeansProjects/AvgTemperature/lib/hadoop-yarn-server-common-2.7.3.jar
7fcb0a5da000-7fcb0a5df000 r--s 00031000 08:01 1579419                    /home/slave/NetBeansProjects/AvgTemperature/lib/hadoop-yarn-server-applicationhistoryservice-2.7.3.jar
7fcb0a5df000-7fcb0a5e2000 r--s 0001b000 08:01 1579414                    /home/slave/NetBeansProjects/AvgTemperature/lib/hadoop-yarn-registry-2.7.3.jar
7fcb0a5e2000-7fcb0a5fa000 r--s 00182000 08:01 1579409                    /home/slave/NetBeansProjects/AvgTemperature/lib/hadoop-yarn-common-2.7.3.jar
7fcb0a5fa000-7fcb0a5fd000 r--s 00026000 08:01 1579408                    /home/slave/NetBeansProjects/AvgTemperature/lib/hadoop-yarn-client-2.7.3.jar
7fcb0a5fd000-7fcb0a5ff000 r--s 00008000 08:01 1579403                    /home/slave/NetBeansProjects/AvgTemperature/lib/hadoop-yarn-applications-unmanaged-am-launcher-2.7.3.jar
7fcb0a5ff000-7fcb0a600000 r--s 00010000 08:01 1579402                    /home/slave/NetBeansProjects/AvgTemperature/lib/hadoop-yarn-applications-distributedshell-2.7.3.jar
7fcb0a600000-7fcb0a61d000 r--s 001d3000 08:01 1579398                    /home/slave/NetBeansProjects/AvgTemperature/lib/hadoop-yarn-api-2.7.3.jar
7fcb0a61d000-7fcb0a622000 r--s 00044000 08:01 1579222                    /home/slave/NetBeansProjects/AvgTemperature/lib/hadoop-mapreduce-examples-2.7.3.jar
7fcb0a622000-7fcb0a624000 r--s 00010000 08:01 1579221                    /home/slave/NetBeansProjects/AvgTemperature/lib/hadoop-mapreduce-client-shuffle-2.7.3.jar
7fcb0a624000-7fcb0a626000 r--s 0000e000 08:01 1579220                    /home/slave/NetBeansProjects/AvgTemperature/lib/hadoop-mapreduce-client-jobclient-2.7.3.jar
7fcb0a626000-7fcb0a63c000 r--s 00165000 08:01 1579219                    /home/slave/NetBeansProjects/AvgTemperature/lib/hadoop-mapreduce-client-jobclient-2.7.3-tests.jar
7fcb0a63c000-7fcb0a63d000 r--s 00006000 08:01 1579218                    /home/slave/NetBeansProjects/AvgTemperature/lib/hadoop-mapreduce-client-hs-plugins-2.7.3.jar
7fcb0a63d000-7fcb0a641000 r--s 0002b000 08:01 1579217                    /home/slave/NetBeansProjects/AvgTemperature/lib/hadoop-mapreduce-client-hs-2.7.3.jar
7fcb0a641000-7fcb0a659000 r--s 00164000 08:01 1579216                    /home/slave/NetBeansProjects/AvgTemperature/lib/hadoop-mapreduce-client-core-2.7.3.jar
7fcb0a659000-7fcb0a666000 r--s 000b0000 08:01 1579215                    /home/slave/NetBeansProjects/AvgTemperature/lib/hadoop-mapreduce-client-common-2.7.3.jar
7fcb0a666000-7fcb0a670000 r--s 0007a000 08:01 1579088                    /home/slave/NetBeansProjects/AvgTemperature/lib/hadoop-mapreduce-client-app-2.7.3.jar
7fcb0a670000-7fcb0a67c000 r--s 000b6000 08:01 1579210                    /home/slave/NetBeansProjects/AvgTemperature/lib/zookeeper-3.4.6.jar
7fcb0a67c000-7fcb0a680000 r--s 00014000 08:01 1579209                    /home/slave/NetBeansProjects/AvgTemperature/lib/xz-1.0.jar
7fcb0a680000-7fcb0a681000 r--s 00003000 08:01 1579208                    /home/slave/NetBeansProjects/AvgTemperature/lib/xmlenc-0.52.jar
7fcb0a681000-7fcb0a683000 r--s 00004000 08:01 1579207                    /home/slave/NetBeansProjects/AvgTemperature/lib/stax-api-1.0-2.jar
7fcb0a683000-7fcb0a685000 r--s 000f2000 08:01 1579206                    /home/slave/NetBeansProjects/AvgTemperature/lib/snappy-java-1.0.4.1.jar
7fcb0a685000-7fcb0a687000 r--s 00001000 08:01 1579204                    /home/slave/NetBeansProjects/AvgTemperature/lib/slf4j-log4j12-1.7.10.jar
7fcb0a687000-7fcb0a688000 r--s 00007000 08:01 1579201                    /home/slave/NetBeansProjects/AvgTemperature/lib/slf4j-api-1.7.10.jar
7fcb0a688000-7fcb0a68a000 r--s 00018000 08:01 1579200                    /home/slave/NetBeansProjects/AvgTemperature/lib/servlet-api-2.5.jar
7fcb0a68a000-7fcb0a692000 r--s 0007b000 08:01 1579199                    /home/slave/NetBeansProjects/AvgTemperature/lib/protobuf-java-2.5.0.jar
7fcb0a692000-7fcb0a694000 r--s 00006000 08:01 1579198                    /home/slave/NetBeansProjects/AvgTemperature/lib/paranamer-2.3.jar
7fcb0a694000-7fcb0a6ab000 r--s 0010e000 08:01 1579197                    /home/slave/NetBeansProjects/AvgTemperature/lib/netty-3.6.2.Final.jar
7fcb0a6ab000-7fcb0a6c8000 r--s 0013e000 08:01 1579193                    /home/slave/NetBeansProjects/AvgTemperature/lib/mockito-all-1.8.5.jar
7fcb0a6c8000-7fcb0a6d1000 r--s 0006f000 08:01 1579192                    /home/slave/NetBeansProjects/AvgTemperature/lib/log4j-1.2.17.jar
7fcb0a6d1000-7fcb0a6d7000 r--s 00036000 08:01 1579188                    /home/slave/NetBeansProjects/AvgTemperature/lib/junit-4.11.jar
7fcb0a6d7000-7fcb0a6da000 r--s 00006000 08:01 1579187                    /home/slave/NetBeansProjects/AvgTemperature/lib/jsr305-3.0.0.jar
7fcb0a6da000-7fcb0a6dd000 r--s 00016000 08:01 1579186                    /home/slave/NetBeansProjects/AvgTemperature/lib/jsp-api-2.1.jar
7fcb0a6dd000-7fcb0a6e0000 r--s 0002b000 08:01 1579185                    /home/slave/NetBeansProjects/AvgTemperature/lib/jsch-0.1.42.jar
7fcb0a6e0000-7fcb0a6e4000 r--s 00028000 08:01 1579184                    /home/slave/NetBeansProjects/AvgTemperature/lib/jetty-util-6.1.26.jar
7fcb0a6e4000-7fcb0a6eb000 r--s 0007d000 08:01 1579183                    /home/slave/NetBeansProjects/AvgTemperature/lib/jetty-6.1.26.jar
7fcb0a6eb000-7fcb0a6ed000 r--s 0000f000 08:01 1579182                    /home/slave/NetBeansProjects/AvgTemperature/lib/jettison-1.1.jar
7fcb0a6ed000-7fcb0a6f6000 r--s 0007b000 08:01 1579181                    /home/slave/NetBeansProjects/AvgTemperature/lib/jets3t-0.9.0.jar
7fcb0a6f6000-7fcb0a708000 r--s 0009d000 08:01 1579180                    /home/slave/NetBeansProjects/AvgTemperature/lib/jersey-server-1.9.jar
7fcb0a708000-7fcb0a70c000 r--s 00021000 08:01 1579179                    /home/slave/NetBeansProjects/AvgTemperature/lib/jersey-json-1.9.jar
7fcb0a70c000-7fcb0a716000 r--s 00066000 08:01 1579178                    /home/slave/NetBeansProjects/AvgTemperature/lib/jersey-core-1.9.jar
7fcb0a716000-7fcb0a729000 r--s 000c7000 08:01 1579177                    /home/slave/NetBeansProjects/AvgTemperature/lib/jaxb-impl-2.2.3-1.jar
7fcb0a729000-7fcb0a72c000 r--s 00017000 08:01 1579176                    /home/slave/NetBeansProjects/AvgTemperature/lib/jaxb-api-2.2.2.jar
7fcb0a72c000-7fcb0a72d000 r--s 00004000 08:01 1579175                    /home/slave/NetBeansProjects/AvgTemperature/lib/java-xmlbuilder-0.4.jar
7fcb0a72d000-7fcb0a72e000 r--s 00006000 08:01 1579174                    /home/slave/NetBeansProjects/AvgTemperature/lib/jackson-xc-1.9.13.jar
7fcb0a72e000-7fcb0a73c000 r--s 000b1000 08:01 1579173                    /home/slave/NetBeansProjects/AvgTemperature/lib/jackson-mapper-asl-1.9.13.jar
7fcb0a73c000-7fcb0a73d000 r--s 00004000 08:01 1579172                    /home/slave/NetBeansProjects/AvgTemperature/lib/jackson-jaxrs-1.9.13.jar
7fcb0a73d000-7fcb0a741000 r--s 00035000 08:01 1579168                    /home/slave/NetBeansProjects/AvgTemperature/lib/jackson-core-asl-1.9.13.jar
7fcb0a741000-7fcb0a747000 r--s 00032000 08:01 1579167                    /home/slave/NetBeansProjects/AvgTemperature/lib/httpcore-4.2.5.jar
7fcb0a747000-7fcb0a750000 r--s 00061000 08:01 1579166                    /home/slave/NetBeansProjects/AvgTemperature/lib/httpclient-4.2.5.jar
7fcb0a750000-7fcb0a769000 r--s 00150000 08:01 1579165                    /home/slave/NetBeansProjects/AvgTemperature/lib/htrace-core-3.1.0-incubating.jar
7fcb0a769000-7fcb0a76b000 r--s 00009000 08:01 1579164                    /home/slave/NetBeansProjects/AvgTemperature/lib/hamcrest-core-1.3.jar
7fcb0a76b000-7fcb0a76d000 r--s 00015000 08:01 1579163                    /home/slave/NetBeansProjects/AvgTemperature/lib/hadoop-auth-2.7.3.jar
7fcb0a76d000-7fcb0a78e000 r--s 00172000 08:01 1579161                    /home/slave/NetBeansProjects/AvgTemperature/lib/guava-11.0.2.jar
7fcb0a78e000-7fcb0a793000 r--s 0002a000 08:01 1579160                    /home/slave/NetBeansProjects/AvgTemperature/lib/gson-2.2.4.jar
7fcb0a793000-7fcb0a79b000 r--s 0003b000 08:01 1579159                    /home/slave/NetBeansProjects/AvgTemperature/lib/curator-recipes-2.7.1.jar
7fcb0a79b000-7fcb0a7a1000 r--s 00028000 08:01 1579158                    /home/slave/NetBeansProjects/AvgTemperature/lib/curator-framework-2.7.1.jar
7fcb0a7a1000-7fcb0a7a3000 r--s 0000f000 08:01 1579157                    /home/slave/NetBeansProjects/AvgTemperature/lib/curator-client-2.7.1.jar
7fcb0a7a3000-7fcb0a7a8000 r--s 0003e000 08:01 1579156                    /home/slave/NetBeansProjects/AvgTemperature/lib/commons-net-3.1.jar
7fcb0a7a8000-7fcb0a7c5000 r--s 0016a000 08:01 1579155                    /home/slave/NetBeansProjects/AvgTemperature/lib/commons-math3-3.1.1.jar
7fcb0a7c5000-7fcb0a7c7000 r--s 0000e000 08:01 1579154                    /home/slave/NetBeansProjects/AvgTemperature/lib/commons-logging-1.1.3.jar
7fcb0a7c7000-7fcb0a7cc000 r--s 00041000 08:01 1579153                    /home/slave/NetBeansProjects/AvgTemperature/lib/commons-lang-2.6.jar
7fcb0a7cc000-7fcb0a7d0000 r--s 0002a000 08:01 1579152                    /home/slave/NetBeansProjects/AvgTemperature/lib/commons-io-2.4.jar
7fcb0a7d0000-7fcb0a7d6000 r--s 00045000 08:01 1579151                    /home/slave/NetBeansProjects/AvgTemperature/lib/commons-httpclient-3.1.jar
7fcb0a7d6000-7fcb0a7dc000 r--s 00043000 08:01 1579149                    /home/slave/NetBeansProjects/AvgTemperature/lib/commons-configuration-1.6.jar
7fcb0a7dc000-7fcb0a812000 r--s 0031a000 08:01 1579064                    /home/slave/NetBeansProjects/AvgTemperature/lib/hadoop-common-2.7.3.jar
7fcb0a812000-7fcb0a813000 ---p 00000000 00:00 0 
7fcb0a813000-7fcb0a913000 rw-p 00000000 00:00 0 
7fcb0a913000-7fcb0a916000 ---p 00000000 00:00 0 
7fcb0a916000-7fcb0aa14000 rw-p 00000000 00:00 0 
7fcb0aa14000-7fcb0aa17000 ---p 00000000 00:00 0 
7fcb0aa17000-7fcb0ab15000 rw-p 00000000 00:00 0 
7fcb0ab15000-7fcb0ab18000 ---p 00000000 00:00 0 
7fcb0ab18000-7fcb0ac16000 rw-p 00000000 00:00 0 
7fcb0ac16000-7fcb0ac19000 ---p 00000000 00:00 0 
7fcb0ac19000-7fcb0ad17000 rw-p 00000000 00:00 0 
7fcb0ad17000-7fcb0ad1a000 ---p 00000000 00:00 0 
7fcb0ad1a000-7fcb0ae18000 rw-p 00000000 00:00 0 
7fcb0ae18000-7fcb0b0f1000 r--p 00000000 08:01 272127                     /usr/lib/locale/locale-archive
7fcb0b0f1000-7fcb0b0f4000 ---p 00000000 00:00 0 
7fcb0b0f4000-7fcb0b1f2000 rw-p 00000000 00:00 0 
7fcb0b1f2000-7fcb0b1f5000 ---p 00000000 00:00 0 
7fcb0b1f5000-7fcb0b2f3000 rw-p 00000000 00:00 0 
7fcb0b2f3000-7fcb0b2f4000 ---p 00000000 00:00 0 
7fcb0b2f4000-7fcb0c000000 rw-p 00000000 00:00 0 
7fcb0c000000-7fcb0c021000 rw-p 00000000 00:00 0 
7fcb0c021000-7fcb10000000 ---p 00000000 00:00 0 
7fcb10000000-7fcb10021000 rw-p 00000000 00:00 0 
7fcb10021000-7fcb14000000 ---p 00000000 00:00 0 
7fcb14000000-7fcb14021000 rw-p 00000000 00:00 0 
7fcb14021000-7fcb18000000 ---p 00000000 00:00 0 
7fcb18000000-7fcb18004000 r--s 00020000 08:01 1579150                    /home/slave/NetBeansProjects/AvgTemperature/lib/commons-digester-1.8.jar
7fcb18004000-7fcb18009000 r--s 00036000 08:01 1579144                    /home/slave/NetBeansProjects/AvgTemperature/lib/commons-compress-1.4.1.jar
7fcb18009000-7fcb18016000 r--s 00083000 08:01 1579140                    /home/slave/NetBeansProjects/AvgTemperature/lib/commons-collections-3.2.2.jar
7fcb18016000-7fcb18018000 r--s 0000d000 08:01 1579136                    /home/slave/NetBeansProjects/AvgTemperature/lib/commons-codec-1.4.jar
7fcb18018000-7fcb1801a000 r--s 00009000 08:01 1579131                    /home/slave/NetBeansProjects/AvgTemperature/lib/commons-cli-1.2.jar
7fcb1801a000-7fcb1801e000 r--s 0002f000 08:01 1579126                    /home/slave/NetBeansProjects/AvgTemperature/lib/commons-beanutils-core-1.8.0.jar
7fcb1801e000-7fcb18023000 r--s 0002a000 08:01 1579121                    /home/slave/NetBeansProjects/AvgTemperature/lib/commons-beanutils-1.7.0.jar
7fcb18023000-7fcb1802a000 r--s 00044000 08:01 1579116                    /home/slave/NetBeansProjects/AvgTemperature/lib/avro-1.7.4.jar
7fcb1802a000-7fcb1802c000 r--s 00012000 08:01 1579107                    /home/slave/NetBeansProjects/AvgTemperature/lib/api-util-1.0.0-M20.jar
7fcb1802c000-7fcb18632000 rw-p 00000000 00:00 0 
7fcb18632000-7fcb18800000 r--s 03bf1000 08:01 1186771                    /usr/lib/jvm/java-8-openjdk-amd64/jre/lib/rt.jar
7fcb18800000-7fcb19000000 rw-p 00000000 00:00 0 
7fcb19000000-7fcb196b0000 rwxp 00000000 00:00 0 
7fcb196b0000-7fcb28000000 ---p 00000000 00:00 0 
7fcb28000000-7fcb28853000 rw-p 00000000 00:00 0 
7fcb28853000-7fcb2c000000 ---p 00000000 00:00 0 
7fcb2c000000-7fcb2c001000 r--s 00009000 08:01 1579162                    /home/slave/NetBeansProjects/AvgTemperature/lib/hadoop-annotations-2.7.3.jar
7fcb2c001000-7fcb2c003000 r--s 00003000 08:01 1579102                    /home/slave/NetBeansProjects/AvgTemperature/lib/api-asn1-api-1.0.0-M20.jar
7fcb2c003000-7fcb2c015000 r--s 00097000 08:01 1579097                    /home/slave/NetBeansProjects/AvgTemperature/lib/apacheds-kerberos-codec-2.0.0-M15.jar
7fcb2c015000-7fcb2c017000 r--s 0000e000 08:01 1579047                    /home/slave/NetBeansProjects/AvgTemperature/lib/activation-1.1.jar
7fcb2c017000-7fcb2c032000 r--s 00394000 08:01 1186751                    /usr/lib/jvm/java-8-openjdk-amd64/jre/lib/ext/cldrdata.jar
7fcb2c032000-7fcb2c03c000 r--s 00116000 08:01 1186757                    /usr/lib/jvm/java-8-openjdk-amd64/jre/lib/ext/localedata.jar
7fcb2c03c000-7fcb2c057000 r--s 001d5000 08:01 1186752                    /usr/lib/jvm/java-8-openjdk-amd64/jre/lib/ext/nashorn.jar
7fcb2c057000-7fcb2e26c000 rw-p 00000000 00:00 0 
7fcb2e26c000-7fcb2e26d000 ---p 00000000 00:00 0 
7fcb2e26d000-7fcb2e36d000 rw-p 00000000 00:00 0 
7fcb2e36d000-7fcb2e36e000 ---p 00000000 00:00 0 
7fcb2e36e000-7fcb2e46e000 rw-p 00000000 00:00 0 
7fcb2e46e000-7fcb2e46f000 ---p 00000000 00:00 0 
7fcb2e46f000-7fcb2e56f000 rw-p 00000000 00:00 0 
7fcb2e56f000-7fcb2e570000 ---p 00000000 00:00 0 
7fcb2e570000-7fcb2e670000 rw-p 00000000 00:00 0 
7fcb2e670000-7fcb2e671000 ---p 00000000 00:00 0 
7fcb2e671000-7fcb2e7de000 rw-p 00000000 00:00 0 
7fcb2e7de000-7fcb2e8bb000 ---p 00000000 00:00 0 
7fcb2e8bb000-7fcb2e928000 rw-p 00000000 00:00 0 
7fcb2e928000-7fcb2ea04000 ---p 00000000 00:00 0 
7fcb2ea04000-7fcb2eaa9000 rw-p 00000000 00:00 0 
7fcb2eaa9000-7fcb2eac5000 rw-p 00000000 00:00 0 
7fcb2eac5000-7fcb2ee6a000 ---p 00000000 00:00 0 
7fcb2ee6a000-7fcb2ee72000 r-xp 00000000 08:01 1186725                    /usr/lib/jvm/java-8-openjdk-amd64/jre/lib/amd64/libzip.so
7fcb2ee72000-7fcb2f071000 ---p 00008000 08:01 1186725                    /usr/lib/jvm/java-8-openjdk-amd64/jre/lib/amd64/libzip.so
7fcb2f071000-7fcb2f072000 r--p 00007000 08:01 1186725                    /usr/lib/jvm/java-8-openjdk-amd64/jre/lib/amd64/libzip.so
7fcb2f072000-7fcb2f073000 rw-p 00008000 08:01 1186725                    /usr/lib/jvm/java-8-openjdk-amd64/jre/lib/amd64/libzip.so
7fcb2f073000-7fcb2f07e000 r-xp 00000000 08:01 150030                     /lib/x86_64-linux-gnu/libnss_files-2.23.so
7fcb2f07e000-7fcb2f27d000 ---p 0000b000 08:01 150030                     /lib/x86_64-linux-gnu/libnss_files-2.23.so
7fcb2f27d000-7fcb2f27e000 r--p 0000a000 08:01 150030                     /lib/x86_64-linux-gnu/libnss_files-2.23.so
7fcb2f27e000-7fcb2f27f000 rw-p 0000b000 08:01 150030                     /lib/x86_64-linux-gnu/libnss_files-2.23.so
7fcb2f27f000-7fcb2f285000 rw-p 00000000 00:00 0 
7fcb2f285000-7fcb2f290000 r-xp 00000000 08:01 139747                     /lib/x86_64-linux-gnu/libnss_nis-2.23.so
7fcb2f290000-7fcb2f48f000 ---p 0000b000 08:01 139747                     /lib/x86_64-linux-gnu/libnss_nis-2.23.so
7fcb2f48f000-7fcb2f490000 r--p 0000a000 08:01 139747                     /lib/x86_64-linux-gnu/libnss_nis-2.23.so
7fcb2f490000-7fcb2f491000 rw-p 0000b000 08:01 139747                     /lib/x86_64-linux-gnu/libnss_nis-2.23.so
7fcb2f491000-7fcb2f4a7000 r-xp 00000000 08:01 139745                     /lib/x86_64-linux-gnu/libnsl-2.23.so
7fcb2f4a7000-7fcb2f6a6000 ---p 00016000 08:01 139745                     /lib/x86_64-linux-gnu/libnsl-2.23.so
7fcb2f6a6000-7fcb2f6a7000 r--p 00015000 08:01 139745                     /lib/x86_64-linux-gnu/libnsl-2.23.so
7fcb2f6a7000-7fcb2f6a8000 rw-p 00016000 08:01 139745                     /lib/x86_64-linux-gnu/libnsl-2.23.so
7fcb2f6a8000-7fcb2f6aa000 rw-p 00000000 00:00 0 
7fcb2f6aa000-7fcb2f6b2000 r-xp 00000000 08:01 139743                     /lib/x86_64-linux-gnu/libnss_compat-2.23.so
7fcb2f6b2000-7fcb2f8b1000 ---p 00008000 08:01 139743                     /lib/x86_64-linux-gnu/libnss_compat-2.23.so
7fcb2f8b1000-7fcb2f8b2000 r--p 00007000 08:01 139743                     /lib/x86_64-linux-gnu/libnss_compat-2.23.so
7fcb2f8b2000-7fcb2f8b3000 rw-p 00008000 08:01 139743                     /lib/x86_64-linux-gnu/libnss_compat-2.23.so
7fcb2f8b3000-7fcb2f8e0000 r-xp 00000000 08:01 1186718                    /usr/lib/jvm/java-8-openjdk-amd64/jre/lib/amd64/libjava.so
7fcb2f8e0000-7fcb2fadf000 ---p 0002d000 08:01 1186718                    /usr/lib/jvm/java-8-openjdk-amd64/jre/lib/amd64/libjava.so
7fcb2fadf000-7fcb2fae0000 r--p 0002c000 08:01 1186718                    /usr/lib/jvm/java-8-openjdk-amd64/jre/lib/amd64/libjava.so
7fcb2fae0000-7fcb2fae2000 rw-p 0002d000 08:01 1186718                    /usr/lib/jvm/java-8-openjdk-amd64/jre/lib/amd64/libjava.so
7fcb2fae2000-7fcb2faf1000 r-xp 00000000 08:01 1186723                    /usr/lib/jvm/java-8-openjdk-amd64/jre/lib/amd64/libverify.so
7fcb2faf1000-7fcb2fcf0000 ---p 0000f000 08:01 1186723                    /usr/lib/jvm/java-8-openjdk-amd64/jre/lib/amd64/libverify.so
7fcb2fcf0000-7fcb2fcf2000 r--p 0000e000 08:01 1186723                    /usr/lib/jvm/java-8-openjdk-amd64/jre/lib/amd64/libverify.so
7fcb2fcf2000-7fcb2fcf3000 rw-p 00010000 08:01 1186723                    /usr/lib/jvm/java-8-openjdk-amd64/jre/lib/amd64/libverify.so
7fcb2fcf3000-7fcb2fcfa000 r-xp 00000000 08:01 150039                     /lib/x86_64-linux-gnu/librt-2.23.so
7fcb2fcfa000-7fcb2fef9000 ---p 00007000 08:01 150039                     /lib/x86_64-linux-gnu/librt-2.23.so
7fcb2fef9000-7fcb2fefa000 r--p 00006000 08:01 150039                     /lib/x86_64-linux-gnu/librt-2.23.so
7fcb2fefa000-7fcb2fefb000 rw-p 00007000 08:01 150039                     /lib/x86_64-linux-gnu/librt-2.23.so
7fcb2fefb000-7fcb2ff11000 r-xp 00000000 08:01 132348                     /lib/x86_64-linux-gnu/libgcc_s.so.1
7fcb2ff11000-7fcb30110000 ---p 00016000 08:01 132348                     /lib/x86_64-linux-gnu/libgcc_s.so.1
7fcb30110000-7fcb30111000 rw-p 00015000 08:01 132348                     /lib/x86_64-linux-gnu/libgcc_s.so.1
7fcb30111000-7fcb30219000 r-xp 00000000 08:01 150036                     /lib/x86_64-linux-gnu/libm-2.23.so
7fcb30219000-7fcb30418000 ---p 00108000 08:01 150036                     /lib/x86_64-linux-gnu/libm-2.23.so
7fcb30418000-7fcb30419000 r--p 00107000 08:01 150036                     /lib/x86_64-linux-gnu/libm-2.23.so
7fcb30419000-7fcb3041a000 rw-p 00108000 08:01 150036                     /lib/x86_64-linux-gnu/libm-2.23.so
7fcb3041a000-7fcb3058c000 r-xp 00000000 08:01 268619                     /usr/lib/x86_64-linux-gnu/libstdc++.so.6.0.21
7fcb3058c000-7fcb3078c000 ---p 00172000 08:01 268619                     /usr/lib/x86_64-linux-gnu/libstdc++.so.6.0.21
7fcb3078c000-7fcb30796000 r--p 00172000 08:01 268619                     /usr/lib/x86_64-linux-gnu/libstdc++.so.6.0.21
7fcb30796000-7fcb30798000 rw-p 0017c000 08:01 268619                     /usr/lib/x86_64-linux-gnu/libstdc++.so.6.0.21
7fcb30798000-7fcb3079c000 rw-p 00000000 00:00 0 
7fcb3079c000-7fcb313eb000 r-xp 00000000 08:01 1186727                    /usr/lib/jvm/java-8-openjdk-amd64/jre/lib/amd64/server/libjvm.so
7fcb313eb000-7fcb315ea000 ---p 00c4f000 08:01 1186727                    /usr/lib/jvm/java-8-openjdk-amd64/jre/lib/amd64/server/libjvm.so
7fcb315ea000-7fcb3167d000 r--p 00c4e000 08:01 1186727                    /usr/lib/jvm/java-8-openjdk-amd64/jre/lib/amd64/server/libjvm.so
7fcb3167d000-7fcb316a6000 rw-p 00ce1000 08:01 1186727                    /usr/lib/jvm/java-8-openjdk-amd64/jre/lib/amd64/server/libjvm.so
7fcb316a6000-7fcb316d6000 rw-p 00000000 00:00 0 
7fcb316d6000-7fcb316ee000 r-xp 00000000 08:01 172764                     /lib/x86_64-linux-gnu/libpthread-2.23.so
7fcb316ee000-7fcb318ed000 ---p 00018000 08:01 172764                     /lib/x86_64-linux-gnu/libpthread-2.23.so
7fcb318ed000-7fcb318ee000 r--p 00017000 08:01 172764                     /lib/x86_64-linux-gnu/libpthread-2.23.so
7fcb318ee000-7fcb318ef000 rw-p 00018000 08:01 172764                     /lib/x86_64-linux-gnu/libpthread-2.23.so
7fcb318ef000-7fcb318f3000 rw-p 00000000 00:00 0 
7fcb318f3000-7fcb318f6000 r-xp 00000000 08:01 174494                     /lib/x86_64-linux-gnu/libdl-2.23.so
7fcb318f6000-7fcb31af5000 ---p 00003000 08:01 174494                     /lib/x86_64-linux-gnu/libdl-2.23.so
7fcb31af5000-7fcb31af6000 r--p 00002000 08:01 174494                     /lib/x86_64-linux-gnu/libdl-2.23.so
7fcb31af6000-7fcb31af7000 rw-p 00003000 08:01 174494                     /lib/x86_64-linux-gnu/libdl-2.23.so
7fcb31af7000-7fcb31b10000 r-xp 00000000 08:01 138873                     /lib/x86_64-linux-gnu/libz.so.1.2.8
7fcb31b10000-7fcb31d0f000 ---p 00019000 08:01 138873                     /lib/x86_64-linux-gnu/libz.so.1.2.8
7fcb31d0f000-7fcb31d10000 r--p 00018000 08:01 138873                     /lib/x86_64-linux-gnu/libz.so.1.2.8
7fcb31d10000-7fcb31d11000 rw-p 00019000 08:01 138873                     /lib/x86_64-linux-gnu/libz.so.1.2.8
7fcb31d11000-7fcb31ed0000 r-xp 00000000 08:01 174493                     /lib/x86_64-linux-gnu/libc-2.23.so
7fcb31ed0000-7fcb320d0000 ---p 001bf000 08:01 174493                     /lib/x86_64-linux-gnu/libc-2.23.so
7fcb320d0000-7fcb320d4000 r--p 001bf000 08:01 174493                     /lib/x86_64-linux-gnu/libc-2.23.so
7fcb320d4000-7fcb320d6000 rw-p 001c3000 08:01 174493                     /lib/x86_64-linux-gnu/libc-2.23.so
7fcb320d6000-7fcb320da000 rw-p 00000000 00:00 0 
7fcb320da000-7fcb320e7000 r-xp 00000000 08:01 1186722                    /usr/lib/jvm/java-8-openjdk-amd64/jre/lib/amd64/jli/libjli.so
7fcb320e7000-7fcb322e7000 ---p 0000d000 08:01 1186722                    /usr/lib/jvm/java-8-openjdk-amd64/jre/lib/amd64/jli/libjli.so
7fcb322e7000-7fcb322e8000 r--p 0000d000 08:01 1186722                    /usr/lib/jvm/java-8-openjdk-amd64/jre/lib/amd64/jli/libjli.so
7fcb322e8000-7fcb322e9000 rw-p 0000e000 08:01 1186722                    /usr/lib/jvm/java-8-openjdk-amd64/jre/lib/amd64/jli/libjli.so
7fcb322e9000-7fcb3230f000 r-xp 00000000 08:01 150041                     /lib/x86_64-linux-gnu/ld-2.23.so
7fcb3230f000-7fcb32310000 r--s 0000a000 08:01 1579112                    /home/slave/NetBeansProjects/AvgTemperature/lib/asm-3.2.jar
7fcb32310000-7fcb32312000 r--s 00008000 08:01 1186756                    /usr/lib/jvm/java-8-openjdk-amd64/jre/lib/ext/sunec.jar
7fcb32312000-7fcb323eb000 rw-p 00000000 00:00 0 
7fcb323eb000-7fcb323ee000 ---p 00000000 00:00 0 
7fcb323ee000-7fcb324f1000 rw-p 00000000 00:00 0 
7fcb324f1000-7fcb324f2000 r--s 0000a000 08:01 1579092                    /home/slave/NetBeansProjects/AvgTemperature/lib/apacheds-i18n-2.0.0-M15.jar
7fcb324f2000-7fcb324f5000 r--s 0000f000 08:01 1186759                    /usr/lib/jvm/java-8-openjdk-amd64/jre/lib/ext/icedtea-sound.jar
7fcb324f5000-7fcb324f7000 r--s 00001000 08:01 1186760                    /usr/lib/jvm/java-8-openjdk-amd64/jre/lib/ext/dnsns.jar
7fcb324f7000-7fcb324fb000 r--s 00037000 08:01 1186754                    /usr/lib/jvm/java-8-openjdk-amd64/jre/lib/ext/sunpkcs11.jar
7fcb324fb000-7fcb324fc000 r--s 00010000 08:01 1186758                    /usr/lib/jvm/java-8-openjdk-amd64/jre/lib/ext/zipfs.jar
7fcb324fc000-7fcb324fd000 r--s 0000a000 08:01 1186755                    /usr/lib/jvm/java-8-openjdk-amd64/jre/lib/ext/jaccess.jar
7fcb324fd000-7fcb32502000 r--s 0003b000 08:01 1186753                    /usr/lib/jvm/java-8-openjdk-amd64/jre/lib/ext/sunjce_provider.jar
7fcb32502000-7fcb3250a000 rw-s 00000000 08:01 798676                     /tmp/hsperfdata_slave/7496
7fcb3250a000-7fcb3250b000 rw-p 00000000 00:00 0 
7fcb3250b000-7fcb3250c000 ---p 00000000 00:00 0 
7fcb3250c000-7fcb3250e000 rw-p 00000000 00:00 0 
7fcb3250e000-7fcb3250f000 r--p 00025000 08:01 150041                     /lib/x86_64-linux-gnu/ld-2.23.so
7fcb3250f000-7fcb32510000 rw-p 00026000 08:01 150041                     /lib/x86_64-linux-gnu/ld-2.23.so
7fcb32510000-7fcb32511000 rw-p 00000000 00:00 0 
7ffc200e7000-7ffc2010a000 rw-p 00000000 00:00 0                          [stack]
7ffc2015c000-7ffc2015e000 r--p 00000000 00:00 0                          [vvar]
7ffc2015e000-7ffc20160000 r-xp 00000000 00:00 0                          [vdso]
ffffffffff600000-ffffffffff601000 r-xp 00000000 00:00 0                  [vsyscall]

VM Arguments:
jvm_args: -Dfile.encoding=UTF-8 
java_command: AvgTemp.AvgTemperature /home/slave/Downloads/200706hourly.txt /home/slave/Desktop/Output
java_class_path (initial): /home/slave/NetBeansProjects/AvgTemperature/lib/hadoop-common-2.7.3.jar:/home/slave/NetBeansProjects/AvgTemperature/lib/activation-1.1.jar:/home/slave/NetBeansProjects/AvgTemperature/lib/apacheds-i18n-2.0.0-M15.jar:/home/slave/NetBeansProjects/AvgTemperature/lib/apacheds-kerberos-codec-2.0.0-M15.jar:/home/slave/NetBeansProjects/AvgTemperature/lib/api-asn1-api-1.0.0-M20.jar:/home/slave/NetBeansProjects/AvgTemperature/lib/api-util-1.0.0-M20.jar:/home/slave/NetBeansProjects/AvgTemperature/lib/asm-3.2.jar:/home/slave/NetBeansProjects/AvgTemperature/lib/avro-1.7.4.jar:/home/slave/NetBeansProjects/AvgTemperature/lib/commons-beanutils-1.7.0.jar:/home/slave/NetBeansProjects/AvgTemperature/lib/commons-beanutils-core-1.8.0.jar:/home/slave/NetBeansProjects/AvgTemperature/lib/commons-cli-1.2.jar:/home/slave/NetBeansProjects/AvgTemperature/lib/commons-codec-1.4.jar:/home/slave/NetBeansProjects/AvgTemperature/lib/commons-collections-3.2.2.jar:/home/slave/NetBeansProjects/AvgTemperature/lib/commons-compress-1.4.1.jar:/home/slave/NetBeansProjects/AvgTemperature/lib/commons-configuration-1.6.jar:/home/slave/NetBeansProjects/AvgTemperature/lib/commons-digester-1.8.jar:/home/slave/NetBeansProjects/AvgTemperature/lib/commons-httpclient-3.1.jar:/home/slave/NetBeansProjects/AvgTemperature/lib/commons-io-2.4.jar:/home/slave/NetBeansProjects/AvgTemperature/lib/commons-lang-2.6.jar:/home/slave/NetBeansProjects/AvgTemperature/lib/commons-logging-1.1.3.jar:/home/slave/NetBeansProjects/AvgTemperature/lib/commons-math3-3.1.1.jar:/home/slave/NetBeansProjects/AvgTemperature/lib/commons-net-3.1.jar:/home/slave/NetBeansProjects/AvgTemperature/lib/curator-client-2.7.1.jar:/home/slave/NetBeansProjects/AvgTemperature/lib/curator-framework-2.7.1.jar:/home/slave/NetBeansProjects/AvgTemperature/lib/curator-recipes-2.7.1.jar:/home/slave/NetBeansProjects/AvgTemperature/lib/gson-2.2.4.jar:/home/slave/NetBeansProjects/AvgTemperature/lib/guava-11.0.2.jar:/home/slave/NetBeansProjec
Launcher Type: SUN_STANDARD

Environment Variables:
JAVA_HOME=/usr/lib/jvm/java-8-oracle
PATH=/home/slave/bin:/home/slave/.local/bin:/usr/local/sbin:/usr/local/bin:/usr/sbin:/usr/bin:/sbin:/bin:/usr/games:/usr/local/games:/snap/bin:/usr/lib/jvm/java-8-oracle/bin:/usr/lib/jvm/java-8-oracle/db/bin:/usr/lib/jvm/java-8-oracle/jre/bin
LD_LIBRARY_PATH=/usr/lib/jvm/java-8-openjdk-amd64/jre/lib/amd64:/usr/lib/jvm/java-8-openjdk-amd64/jre/lib/i386:
SHELL=/bin/bash
DISPLAY=:0

Signal Handlers:
SIGSEGV: [libjvm.so+0xa65880], sa_mask[0]=11111111011111111101111111111110, sa_flags=SA_RESTART|SA_SIGINFO
SIGBUS: [libjvm.so+0xa65880], sa_mask[0]=11111111011111111101111111111110, sa_flags=SA_RESTART|SA_SIGINFO
SIGFPE: [libjvm.so+0x8af1c0], sa_mask[0]=11111111011111111101111111111110, sa_flags=SA_RESTART|SA_SIGINFO
SIGPIPE: [libjvm.so+0x8af1c0], sa_mask[0]=11111111011111111101111111111110, sa_flags=SA_RESTART|SA_SIGINFO
SIGXFSZ: [libjvm.so+0x8af1c0], sa_mask[0]=11111111011111111101111111111110, sa_flags=SA_RESTART|SA_SIGINFO
SIGILL: [libjvm.so+0x8af1c0], sa_mask[0]=11111111011111111101111111111110, sa_flags=SA_RESTART|SA_SIGINFO
SIGUSR1: SIG_DFL, sa_mask[0]=00000000000000000000000000000000, sa_flags=none
SIGUSR2: [libjvm.so+0x8af070], sa_mask[0]=00100000000000000000000000000000, sa_flags=SA_RESTART|SA_SIGINFO
SIGHUP: [libjvm.so+0x8af540], sa_mask[0]=11111111011111111101111111111110, sa_flags=SA_RESTART|SA_SIGINFO
SIGINT: SIG_IGN, sa_mask[0]=00000000000000000000000000000000, sa_flags=none
SIGTERM: [libjvm.so+0x8af540], sa_mask[0]=11111111011111111101111111111110, sa_flags=SA_RESTART|SA_SIGINFO
SIGQUIT: [libjvm.so+0x8af540], sa_mask[0]=11111111011111111101111111111110, sa_flags=SA_RESTART|SA_SIGINFO


---------------  S Y S T E M  ---------------

OS:DISTRIB_ID=Ubuntu
DISTRIB_RELEASE=16.04
DISTRIB_CODENAME=xenial
DISTRIB_DESCRIPTION="Ubuntu 16.04.1 LTS"

uname:Linux 4.4.0-45-generic #66-Ubuntu SMP Wed Oct 19 14:12:37 UTC 2016 x86_64
libc:glibc 2.23 NPTL 2.23 
rlimit: STACK 8192k, CORE 0k, NPROC 15647, NOFILE 65536, AS infinity
load average:1.87 0.94 0.82

/proc/meminfo:
MemTotal:        4046236 kB
MemFree:          107316 kB
MemAvailable:      44824 kB
Buffers:            2924 kB
Cached:           110272 kB
SwapCached:            0 kB
Active:          3727752 kB
Inactive:          74576 kB
Active(anon):    3690576 kB
Inactive(anon):    26796 kB
Active(file):      37176 kB
Inactive(file):    47780 kB
Unevictable:          32 kB
Mlocked:              32 kB
SwapTotal:             0 kB
SwapFree:              0 kB
Dirty:              3516 kB
Writeback:             0 kB
AnonPages:       3689596 kB
Mapped:            68332 kB
Shmem:             27848 kB
Slab:              57152 kB
SReclaimable:      27376 kB
SUnreclaim:        29776 kB
KernelStack:       15392 kB
PageTables:        36764 kB
NFS_Unstable:          0 kB
Bounce:                0 kB
WritebackTmp:          0 kB
CommitLimit:     2023116 kB
Committed_AS:    7899576 kB
VmallocTotal:   34359738367 kB
VmallocUsed:           0 kB
VmallocChunk:          0 kB
HardwareCorrupted:     0 kB
AnonHugePages:   2625536 kB
CmaTotal:              0 kB
CmaFree:               0 kB
HugePages_Total:       0
HugePages_Free:        0
HugePages_Rsvd:        0
HugePages_Surp:        0
Hugepagesize:       2048 kB
DirectMap4k:      108480 kB
DirectMap2M:     4085760 kB


CPU:total 5 (5 cores per cpu, 1 threads per core) family 6 model 58 stepping 9, cmov, cx8, fxsr, mmx, sse, sse2, sse3, ssse3, sse4.1, sse4.2, popcnt, aes, clmul, tsc, tscinvbit, tscinv

/proc/cpuinfo:
processor	: 0
vendor_id	: GenuineIntel
cpu family	: 6
model		: 58
model name	: Intel(R) Core(TM) i7-3630QM CPU @ 2.40GHz
stepping	: 9
microcode	: 0x19
cpu MHz		: 2394.566
cache size	: 6144 KB
physical id	: 0
siblings	: 5
core id		: 0
cpu cores	: 5
apicid		: 0
initial apicid	: 0
fpu		: yes
fpu_exception	: yes
cpuid level	: 13
wp		: yes
flags		: fpu vme de pse tsc msr pae mce cx8 apic sep mtrr pge mca cmov pat pse36 clflush mmx fxsr sse sse2 ht syscall nx rdtscp lm constant_tsc rep_good nopl xtopology nonstop_tsc pni pclmulqdq ssse3 cx16 sse4_1 sse4_2 popcnt aes xsave rdrand hypervisor lahf_lm
bugs		:
bogomips	: 4789.13
clflush size	: 64
cache_alignment	: 64
address sizes	: 36 bits physical, 48 bits virtual
power management:

processor	: 1
vendor_id	: GenuineIntel
cpu family	: 6
model		: 58
model name	: Intel(R) Core(TM) i7-3630QM CPU @ 2.40GHz
stepping	: 9
microcode	: 0x19
cpu MHz		: 2394.566
cache size	: 6144 KB
physical id	: 0
siblings	: 5
core id		: 1
cpu cores	: 5
apicid		: 1
initial apicid	: 1
fpu		: yes
fpu_exception	: yes
cpuid level	: 13
wp		: yes
flags		: fpu vme de pse tsc msr pae mce cx8 apic sep mtrr pge mca cmov pat pse36 clflush mmx fxsr sse sse2 ht syscall nx rdtscp lm constant_tsc rep_good nopl xtopology nonstop_tsc pni pclmulqdq ssse3 cx16 sse4_1 sse4_2 popcnt aes xsave rdrand hypervisor lahf_lm
bugs		:
bogomips	: 4789.13
clflush size	: 64
cache_alignment	: 64
address sizes	: 36 bits physical, 48 bits virtual
power management:

processor	: 2
vendor_id	: GenuineIntel
cpu family	: 6
model		: 58
model name	: Intel(R) Core(TM) i7-3630QM CPU @ 2.40GHz
stepping	: 9
microcode	: 0x19
cpu MHz		: 2394.566
cache size	: 6144 KB
physical id	: 0
siblings	: 5
core id		: 2
cpu cores	: 5
apicid		: 2
initial apicid	: 2
fpu		: yes
fpu_exception	: yes
cpuid level	: 13
wp		: yes
flags		: fpu vme de pse tsc msr pae mce cx8 apic sep mtrr pge mca cmov pat pse36 clflush mmx fxsr sse sse2 ht syscall nx rdtscp lm constant_tsc rep_good nopl xtopology nonstop_tsc pni pclmulqdq ssse3 cx16 sse4_1 sse4_2 popcnt aes xsave rdrand hypervisor lahf_lm
bugs		:
bogomips	: 4789.13
clflush size	: 64
cache_alignment	: 64
address sizes	: 36 bits physical, 48 bits virtual
power management:

processor	: 3
vendor_id	: GenuineIntel
cpu family	: 6
model		: 58
model name	: Intel(R) Core(TM) i7-3630QM CPU @ 2.40GHz
stepping	: 9
microcode	: 0x19
cpu MHz		: 2394.566
cache size	: 6144 KB
physical id	: 0
siblings	: 5
core id		: 3
cpu cores	: 5
apicid		: 3
initial apicid	: 3
fpu		: yes
fpu_exception	: yes
cpuid level	: 13
wp		: yes
flags		: fpu vme de pse tsc msr pae mce cx8 apic sep mtrr pge mca cmov pat pse36 clflush mmx fxsr sse sse2 ht syscall nx rdtscp lm constant_tsc rep_good nopl xtopology nonstop_tsc pni pclmulqdq ssse3 cx16 sse4_1 sse4_2 popcnt aes xsave rdrand hypervisor lahf_lm
bugs		:
bogomips	: 4789.13
clflush size	: 64
cache_alignment	: 64
address sizes	: 36 bits physical, 48 bits virtual
power management:

processor	: 4
vendor_id	: GenuineIntel
cpu family	: 6
model		: 58
model name	: Intel(R) Core(TM) i7-3630QM CPU @ 2.40GHz
stepping	: 9
microcode	: 0x19
cpu MHz		: 2394.566
cache size	: 6144 KB
physical id	: 0
siblings	: 5
core id		: 4
cpu cores	: 5
apicid		: 4
initial apicid	: 4
fpu		: yes
fpu_exception	: yes
cpuid level	: 13
wp		: yes
flags		: fpu vme de pse tsc msr pae mce cx8 apic sep mtrr pge mca cmov pat pse36 clflush mmx fxsr sse sse2 ht syscall nx rdtscp lm constant_tsc rep_good nopl xtopology nonstop_tsc pni pclmulqdq ssse3 cx16 sse4_1 sse4_2 popcnt aes xsave rdrand hypervisor lahf_lm
bugs		:
bogomips	: 4789.13
clflush size	: 64
cache_alignment	: 64
address sizes	: 36 bits physical, 48 bits virtual
power management:



Memory: 4k page, physical 4046236k(107316k free), swap 0k(0k free)

vm_info: OpenJDK 64-Bit Server VM (25.111-b14) for linux-amd64 JRE (1.8.0_111-8u111-b14-2ubuntu0.16.04.2-b14), built on Oct 27 2016 18:10:19 by "buildd" with gcc 5.4.0 20160609

time: Sat Mar 25 04:33:46 2017
elapsed time: 12 seconds (0d 0h 0m 12s)

